2023-11-17 22:43:52,752 - base_actor: BaseActor: Initializing BaseActor class.
2023-11-17 22:43:52,770 - base_actor: BaseCharacter: Initializing BaseCharacter class.
2023-11-17 22:43:52,780 - Initializing CharActor.
2023-11-17 22:43:52,786 - Initializing character bank.
2023-11-17 22:43:52,793 - Initializing catalogues.
2023-11-17 22:43:52,799 - Creating catalogue instance.
2023-11-17 23:35:53,599 - actor: create: Creating character: char1
2023-11-17 23:35:53,600 - actor: create: No details provided. Creating random character.
2023-11-17 23:35:53,602 - base_actor: _initialize: Initializing BaseActor instance.
2023-11-17 23:35:53,603 - base_actor: _add_role: Role set to Cleric
2023-11-17 23:35:53,604 - base_actor: _add_race: Adding race: Dragonborn
2023-11-17 23:35:53,605 - base_actor: _add_race: Set race to Dragonborn
2023-11-17 23:35:53,606 - base_actor: _add_alignment: Adding alignment: true_neutral
2023-11-17 23:35:53,607 - base_actor: _add_background: Set background to Acolyte
2023-11-17 23:35:53,610 - base_actor: _init_ability_scores: Ability scores rolled: [16, 16, 16, 14, 13, 13]
2023-11-17 23:35:53,611 - base_actor: _add_abilities: Abilities set to {'Strength': STR: 15 (+2), 'Dexterity': DEX: 13 (+1), 'Constitution': CON: 14 (+2), 'Intelligence': INT: 16 (+3), 'Wisdom': WIS: 16 (+3), 'Charisma': CHA: 17 (+3)}
2023-11-17 23:35:53,612 - base_actor: _add_skills: Adding skills.
2023-11-17 23:35:53,614 - base_actor: _init_skill_points: Available skill points set to 5
2023-11-17 23:35:53,615 - base_actor: _init_hp: Initial health points set to 10
2023-11-17 23:35:53,616 - base_actor: _determine_saves_and_initiative: Determining saving throws and initiative.
2023-11-17 23:35:53,617 - base_actor: _determine_saves_and_initiative: Fortitude save bonus set to 2
2023-11-17 23:35:53,618 - base_actor: _determine_saves_and_initiative: Reflex save bonus set to 1
2023-11-17 23:35:53,619 - base_actor: _determine_saves_and_initiative: Will save bonus set to 3
2023-11-17 23:35:53,620 - base_actor: _determine_saves_and_initiative: Initiative set to 1
2023-11-17 23:35:53,621 - base_actor: _set_age: No age provided. Rolling for age.
2023-11-17 23:35:53,623 - base_actor: _set_age: Age set to 70
2023-11-17 23:35:53,624 - base_actor: _init_inventory: Initializing inventory.
2023-11-17 23:35:53,625 - base_actor: _init_inventory: Adding starting equipment: ['Mace', 'Leather Armor', 'Waterskin', 'Backpack']
2023-11-17 23:35:53,626 - base_actor: _init_inventory: Found Mace in Armory
2023-11-17 23:35:53,627 - base_actor: _add_and_equip_piece: Mace equipped
2023-11-17 23:35:53,629 - base_actor: _init_inventory: Building armor set: Leather Armor 
2023-11-17 23:35:53,630 - base_actor: _init_inventory: Leather Cuirass found in Armory
2023-11-17 23:35:53,631 - base_actor: _add_and_equip_piece: Leather Cuirass equipped
2023-11-17 23:35:53,632 - base_actor: _init_inventory: Leather Helmet found in Armory
2023-11-17 23:35:53,633 - base_actor: _add_and_equip_piece: Leather Helmet equipped
2023-11-17 23:35:53,634 - base_actor: _init_inventory: Leather Gauntlet found in Armory
2023-11-17 23:35:53,636 - base_actor: _add_and_equip_piece: Leather Gauntlet equipped
2023-11-17 23:35:53,637 - base_actor: _init_inventory: Adding additional Leather Gauntlet
2023-11-17 23:35:53,638 - base_actor: _add_and_equip_piece: Leather Gauntlet equipped
2023-11-17 23:35:53,639 - base_actor: _init_inventory: Leather Boots found in Armory
2023-11-17 23:35:53,641 - base_actor: _add_and_equip_piece: Leather Boots equipped
2023-11-17 23:35:53,642 - base_actor: _init_inventory: Leather Leggings found in Armory
2023-11-17 23:35:53,643 - base_actor: _add_and_equip_piece: Leather Leggings equipped
2023-11-17 23:35:53,644 - base_actor: _init_inventory: Leather Bracer found in Armory
2023-11-17 23:35:53,645 - base_actor: _add_and_equip_piece: Leather Bracer equipped
2023-11-17 23:35:53,647 - base_actor: _init_inventory: Adding additional Leather Bracer
2023-11-17 23:35:53,648 - base_actor: _add_and_equip_piece: Leather Bracer equipped
2023-11-17 23:35:53,649 - base_actor: _init_inventory: Leather Belt found in Armory
2023-11-17 23:35:53,650 - base_actor: _add_and_equip_piece: Leather Belt equipped
2023-11-17 23:35:53,652 - base_actor: _init_inventory: Leather Pauldron found in Armory
2023-11-17 23:35:53,653 - base_actor: _add_and_equip_piece: Leather Pauldron equipped
2023-11-17 23:35:53,654 - base_actor: _init_inventory: Adding additional Leather Pauldron
2023-11-17 23:35:53,655 - base_actor: _add_and_equip_piece: Leather Pauldron equipped
2023-11-17 23:35:53,656 - base_actor: _init_inventory: Found Waterskin in Goods
2023-11-17 23:35:53,658 - base_actor: _init_inventory: Found Backpack in Goods
2023-11-17 23:35:53,659 - base_actor: _init_inventory: Found Holy Symbol in Goods
2023-11-17 23:35:53,660 - base_actor: _init_inventory: Found Prayer Book in Goods
2023-11-17 23:35:53,661 - base_actor: _init_inventory: Found Incense in Goods
2023-11-17 23:35:53,662 - base_actor: _init_inventory: Found Vestments in Goods
2023-11-17 23:35:53,664 - base_actor: _init_inventory: Could not find Common Clothes in Armory or Goods
2023-11-17 23:35:53,664 - actor: create: char1 created.
2023-11-17 23:36:19,315 - actor: create: Creating character: char2
2023-11-17 23:36:19,317 - actor: create: No details provided. Creating random character.
2023-11-17 23:36:19,318 - base_actor: _initialize: Initializing BaseActor instance.
2023-11-17 23:36:19,320 - base_actor: _add_role: Role set to Sorcerer
2023-11-17 23:36:19,321 - base_actor: _add_race: Adding race: Half-Elf
2023-11-17 23:36:19,322 - base_actor: _add_race: Set race to Half-Elf
2023-11-17 23:36:19,323 - base_actor: _add_alignment: Adding alignment: chaotic_evil
2023-11-17 23:36:19,324 - base_actor: _add_background: Set background to Noble
2023-11-17 23:36:19,325 - base_actor: _init_ability_scores: Ability scores rolled: [17, 16, 15, 15, 13, 12]
2023-11-17 23:36:19,327 - base_actor: _add_abilities: Abilities set to {'Strength': STR: 12 (+1), 'Dexterity': DEX: 13 (+1), 'Constitution': CON: 17 (+3), 'Intelligence': INT: 15 (+2), 'Wisdom': WIS: 15 (+2), 'Charisma': CHA: 18 (+4)}
2023-11-17 23:36:19,328 - base_actor: _add_skills: Adding skills.
2023-11-17 23:36:19,329 - base_actor: _init_skill_points: Available skill points set to 6
2023-11-17 23:36:19,331 - base_actor: _init_hp: Initial health points set to 11
2023-11-17 23:36:19,332 - base_actor: _determine_saves_and_initiative: Determining saving throws and initiative.
2023-11-17 23:36:19,333 - base_actor: _determine_saves_and_initiative: Fortitude save bonus set to 3
2023-11-17 23:36:19,334 - base_actor: _determine_saves_and_initiative: Reflex save bonus set to 1
2023-11-17 23:36:19,335 - base_actor: _determine_saves_and_initiative: Will save bonus set to 2
2023-11-17 23:36:19,336 - base_actor: _determine_saves_and_initiative: Initiative set to 1
2023-11-17 23:36:19,337 - base_actor: _set_age: No age provided. Rolling for age.
2023-11-17 23:36:19,338 - base_actor: _set_age: Age set to 90
2023-11-17 23:36:19,339 - base_actor: _init_inventory: Initializing inventory.
2023-11-17 23:36:19,341 - base_actor: _init_inventory: Adding starting equipment: ['Crossbow, Light', 'Component Pouch', 'Tunic', 'Waterskin', 'Backpack']
2023-11-17 23:36:19,342 - base_actor: _init_inventory: Could not find Crossbow, Light in Armory or Goods
2023-11-17 23:36:19,346 - base_actor: _init_inventory: Found Component Pouch in Goods
2023-11-17 23:36:19,349 - base_actor: _init_inventory: Building armor set: Tunic 
2023-11-17 23:36:19,352 - base_actor: _init_inventory: Tunic found in Armory
2023-11-17 23:36:19,356 - base_actor: _add_and_equip_piece: Tunic equipped
2023-11-17 23:36:19,359 - base_actor: _init_inventory: Cloth Cap found in Armory
2023-11-17 23:36:19,362 - base_actor: _add_and_equip_piece: Cloth Cap equipped
2023-11-17 23:36:19,365 - base_actor: _init_inventory: Burlap Gloves found in Armory
2023-11-17 23:36:19,369 - base_actor: _add_and_equip_piece: Burlap Gloves equipped
2023-11-17 23:36:19,370 - base_actor: _init_inventory: Adding additional Burlap Gloves
2023-11-17 23:36:19,371 - base_actor: _add_and_equip_piece: Burlap Gloves equipped
2023-11-17 23:36:19,372 - base_actor: _init_inventory: Found Waterskin in Goods
2023-11-17 23:36:19,374 - base_actor: _init_inventory: Found Backpack in Goods
2023-11-17 23:36:19,375 - base_actor: _init_inventory: Could not find Fine Clothes in Armory or Goods
2023-11-17 23:36:19,376 - base_actor: _init_inventory: Found Signet Ring in Goods
2023-11-17 23:36:19,377 - base_actor: _init_inventory: Could not find Scroll of Pedigree in Armory or Goods
2023-11-17 23:36:19,378 - actor: create: char2 created.
